108810039_HW4_1/108810039_HW4_1/app/build/intermediates/manifest_merge_blame_file/debug/manifest-merger-blame-debug-report.txt
1<?xml version="1.0" encoding="utf-8"?>
2<manifest xmlns:android="http://schemas.android.com/apk/res/android"
3    package="com.example.android.hellotoast"
4    android:versionCode="1"
5    android:versionName="1.0" >
6
7    <uses-sdk
8        android:minSdkVersion="16"
8-->src/main/AndroidManifest.xml
9        android:targetSdkVersion="26" />
9-->src/main/AndroidManifest.xml
10
11    <application
11-->src/main/AndroidManifest.xml:5:5-28:19
12        android:allowBackup="true"
12-->src/main/AndroidManifest.xml:6:9-35
13        android:debuggable="true"
14        android:icon="@mipmap/ic_launcher"
14-->src/main/AndroidManifest.xml:7:9-43
15        android:label="@string/app_name"
15-->src/main/AndroidManifest.xml:8:9-41
16        android:roundIcon="@mipmap/ic_launcher_round"
16-->src/main/AndroidManifest.xml:9:9-54
17        android:supportsRtl="true"
17-->src/main/AndroidManifest.xml:10:9-35
18        android:theme="@style/AppTheme" >
18-->src/main/AndroidManifest.xml:11:9-40
19        <activity
19-->src/main/AndroidManifest.xml:12:9-19:20
20            android:name="com.example.android.hellotoast.MainActivity2"
20-->src/main/AndroidManifest.xml:12:19-48
21            android:label="@string/app_name"
21-->src/main/AndroidManifest.xml:13:13-47
22            android:parentActivityName="com.example.android.hellotoast.MainActivity" >
22-->src/main/AndroidManifest.xml:14:13-55
23            <meta-data
23-->src/main/AndroidManifest.xml:15:13-18:70
24                android:name="android.support.PARENT_ACTIVITY"
24-->src/main/AndroidManifest.xml:16:17-63
25                android:value="com.example.android.hellotoast.MainActivity2" />
25-->src/main/AndroidManifest.xml:17:17-98
26        </activity>
27        <activity
27-->src/main/AndroidManifest.xml:20:9-27:20
28            android:name="com.example.android.hellotoast.MainActivity"
28-->src/main/AndroidManifest.xml:20:19-47
29            android:exported="true" >
29-->src/main/AndroidManifest.xml:21:13-36
30            <intent-filter>
30-->src/main/AndroidManifest.xml:22:13-26:29
31                <action android:name="android.intent.action.MAIN" />
31-->src/main/AndroidManifest.xml:23:17-69
31-->src/main/AndroidManifest.xml:23:25-66
32
33                <category android:name="android.intent.category.LAUNCHER" />
33-->src/main/AndroidManifest.xml:25:17-77
33-->src/main/AndroidManifest.xml:25:27-74
34            </intent-filter>
35        </activity>
36
37        <meta-data
37-->[com.android.support:appcompat-v7:26.1.0] AndroidManifest.xml:26:9-28:38
38            android:name="android.support.VERSION"
38-->[com.android.support:appcompat-v7:26.1.0] AndroidManifest.xml:27:13-51
39            android:value="26.1.0" />
39-->[com.android.support:appcompat-v7:26.1.0] AndroidManifest.xml:28:13-35
40        <meta-data
40-->[android.arch.lifecycle:runtime:1.0.0] AndroidManifest.xml:25:9-27:47
41            android:name="android.arch.lifecycle.VERSION"
41-->[android.arch.lifecycle:runtime:1.0.0] AndroidManifest.xml:26:13-58
42            android:value="27.0.0-SNAPSHOT" />
42-->[android.arch.lifecycle:runtime:1.0.0] AndroidManifest.xml:27:13-44
43    </application>
44
45</manifest>